[debug] [2021-10-23T02:53:00.108Z] ----------------------------------------------------------------------
[debug] [2021-10-23T02:53:00.110Z] Command:       /usr/local/bin/node /usr/local/bin/firebase init
[debug] [2021-10-23T02:53:00.110Z] CLI Version:   9.21.0
[debug] [2021-10-23T02:53:00.111Z] Platform:      linux
[debug] [2021-10-23T02:53:00.111Z] Node Version:  v14.18.0
[debug] [2021-10-23T02:53:00.111Z] Time:          Fri Oct 22 2021 23:53:00 GMT-0300 (hora estándar de Argentina)
[debug] [2021-10-23T02:53:00.111Z] ----------------------------------------------------------------------
[debug] 
[debug] [2021-10-23T02:53:00.117Z] > command requires scopes: ["email","openid","https://www.googleapis.com/auth/cloudplatformprojects.readonly","https://www.googleapis.com/auth/firebase","https://www.googleapis.com/auth/cloud-platform"]
[debug] [2021-10-23T02:53:00.117Z] > authorizing via signed-in user (horaciodemaria@gmail.com)
[info] 
     ######## #### ########  ######## ########     ###     ######  ########
     ##        ##  ##     ## ##       ##     ##  ##   ##  ##       ##
     ######    ##  ########  ######   ########  #########  ######  ######
     ##        ##  ##    ##  ##       ##     ## ##     ##       ## ##
     ##       #### ##     ## ######## ########  ##     ##  ######  ########

You're about to initialize a Firebase project in this directory:

  /home/local/Escritorio/crud_FireBase/crud_firebase

[info] 
=== Project Setup
[info] 
[info] First, let's associate this project directory with a Firebase project.
[info] You can create multiple project aliases by running firebase use --add, 
[info] but for now we'll just set up a default project.
[info] 
[debug] [2021-10-23T02:55:01.602Z] >>> [apiv2][query] GET https://firebase.googleapis.com/v1beta1/projects pageSize=100
[debug] [2021-10-23T02:55:02.896Z] <<< [apiv2][status] GET https://firebase.googleapis.com/v1beta1/projects 200
[debug] [2021-10-23T02:55:02.896Z] <<< [apiv2][body] GET https://firebase.googleapis.com/v1beta1/projects [omitted]
[info] i  Using project crud-react-125b9 (crud-React) 
[info] 
=== Firestore Setup
[debug] [2021-10-23T02:55:09.635Z] > refreshing access token with scopes: ["email","https://www.googleapis.com/auth/cloud-platform","https://www.googleapis.com/auth/cloudplatformprojects.readonly","https://www.googleapis.com/auth/firebase","openid"]
[debug] [2021-10-23T02:55:09.635Z] >>> HTTP REQUEST POST https://www.googleapis.com/oauth2/v3/token  
 <request body omitted>
[debug] [2021-10-23T02:55:09.775Z] <<< HTTP RESPONSE 200 {"expires":"Mon, 01 Jan 1990 00:00:00 GMT","cache-control":"no-cache, no-store, max-age=0, must-revalidate","pragma":"no-cache","date":"Sat, 23 Oct 2021 02:55:09 GMT","content-type":"application/json; charset=utf-8","vary":"X-Origin, Referer, Origin,Accept-Encoding","server":"scaffolding on HTTPServer2","x-xss-protection":"0","x-frame-options":"SAMEORIGIN","x-content-type-options":"nosniff","alt-svc":"h3=\":443\"; ma=2592000,h3-29=\":443\"; ma=2592000,h3-Q050=\":443\"; ma=2592000,h3-Q046=\":443\"; ma=2592000,h3-Q043=\":443\"; ma=2592000","accept-ranges":"none","transfer-encoding":"chunked"}
[debug] [2021-10-23T02:55:09.800Z] >>> HTTP REQUEST GET https://serviceusage.googleapis.com/v1/projects/crud-react-125b9/services/firestore.googleapis.com  
 
[debug] [2021-10-23T02:55:10.898Z] <<< HTTP RESPONSE 200 {"content-type":"application/json; charset=UTF-8","vary":"X-Origin, Referer, Origin,Accept-Encoding","date":"Sat, 23 Oct 2021 02:55:10 GMT","server":"ESF","cache-control":"private","x-xss-protection":"0","x-frame-options":"SAMEORIGIN","x-content-type-options":"nosniff","alt-svc":"h3=\":443\"; ma=2592000,h3-29=\":443\"; ma=2592000,h3-Q050=\":443\"; ma=2592000,h3-Q046=\":443\"; ma=2592000,h3-Q043=\":443\"; ma=2592000","accept-ranges":"none","transfer-encoding":"chunked"}
[debug] [2021-10-23T02:55:10.903Z] >>> HTTP REQUEST GET https://appengine.googleapis.com/v1/apps/crud-react-125b9  
 
[debug] [2021-10-23T02:55:11.692Z] <<< HTTP RESPONSE 200 {"content-type":"application/json; charset=UTF-8","vary":"X-Origin, Referer, Origin,Accept-Encoding","date":"Sat, 23 Oct 2021 02:55:11 GMT","server":"ESF","cache-control":"private","x-xss-protection":"0","x-frame-options":"SAMEORIGIN","x-content-type-options":"nosniff","alt-svc":"h3=\":443\"; ma=2592000,h3-29=\":443\"; ma=2592000,h3-Q050=\":443\"; ma=2592000,h3-Q046=\":443\"; ma=2592000,h3-Q043=\":443\"; ma=2592000","accept-ranges":"none","transfer-encoding":"chunked"}
[debug] [2021-10-23T02:55:11.692Z] database_type: CLOUD_FIRESTORE
[debug] [2021-10-23T02:55:11.693Z] > command requires scopes: ["email","openid","https://www.googleapis.com/auth/cloudplatformprojects.readonly","https://www.googleapis.com/auth/firebase","https://www.googleapis.com/auth/cloud-platform"]
[debug] [2021-10-23T02:55:11.693Z] > authorizing via signed-in user (horaciodemaria@gmail.com)
[debug] [2021-10-23T02:55:11.694Z] [iam] checking project crud-react-125b9 for permissions ["firebase.projects.get"]
[debug] [2021-10-23T02:55:11.694Z] >>> HTTP REQUEST POST https://cloudresourcemanager.googleapis.com/v1/projects/crud-react-125b9:testIamPermissions  
 {"permissions":["firebase.projects.get"]}
[debug] [2021-10-23T02:55:12.574Z] <<< HTTP RESPONSE 200 {"content-type":"application/json; charset=UTF-8","vary":"X-Origin, Referer, Origin,Accept-Encoding","date":"Sat, 23 Oct 2021 02:55:12 GMT","server":"ESF","cache-control":"private","x-xss-protection":"0","x-frame-options":"SAMEORIGIN","x-content-type-options":"nosniff","server-timing":"gfet4t7; dur=746","alt-svc":"h3=\":443\"; ma=2592000,h3-29=\":443\"; ma=2592000,h3-Q050=\":443\"; ma=2592000,h3-Q046=\":443\"; ma=2592000,h3-Q043=\":443\"; ma=2592000","accept-ranges":"none","transfer-encoding":"chunked"}
[info] 
[info] Firestore Security Rules allow you to define how and when to allow
[info] requests. You can keep these rules in your project directory
[info] and publish them with firebase deploy.
[info] 
[debug] [2021-10-23T02:56:36.342Z] >>> HTTP REQUEST GET https://firebaserules.googleapis.com/v1/projects/crud-react-125b9/releases?pageSize=10&pageToken=  
 
[debug] [2021-10-23T02:56:37.404Z] <<< HTTP RESPONSE 200 {"content-type":"application/json; charset=UTF-8","vary":"X-Origin, Referer, Origin,Accept-Encoding","date":"Sat, 23 Oct 2021 02:56:37 GMT","server":"ESF","cache-control":"private","x-xss-protection":"0","x-frame-options":"SAMEORIGIN","x-content-type-options":"nosniff","alt-svc":"h3=\":443\"; ma=2592000,h3-29=\":443\"; ma=2592000,h3-Q050=\":443\"; ma=2592000,h3-Q046=\":443\"; ma=2592000,h3-Q043=\":443\"; ma=2592000","accept-ranges":"none","transfer-encoding":"chunked"}
[debug] [2021-10-23T02:56:37.406Z] Found ruleset: projects/crud-react-125b9/rulesets/8346edef-1cdf-4f61-9dbf-392d0e033cc4
[debug] [2021-10-23T02:56:37.406Z] >>> HTTP REQUEST GET https://firebaserules.googleapis.com/v1/projects/crud-react-125b9/rulesets/8346edef-1cdf-4f61-9dbf-392d0e033cc4  
 
[debug] [2021-10-23T02:56:38.350Z] <<< HTTP RESPONSE 200 {"content-type":"application/json; charset=UTF-8","vary":"X-Origin, Referer, Origin,Accept-Encoding","date":"Sat, 23 Oct 2021 02:56:38 GMT","server":"ESF","cache-control":"private","x-xss-protection":"0","x-frame-options":"SAMEORIGIN","x-content-type-options":"nosniff","alt-svc":"h3=\":443\"; ma=2592000,h3-29=\":443\"; ma=2592000,h3-Q050=\":443\"; ma=2592000,h3-Q046=\":443\"; ma=2592000,h3-Q043=\":443\"; ma=2592000","accept-ranges":"none","transfer-encoding":"chunked"}
[info] 
[info] Firestore indexes allow you to perform complex queries while
[info] maintaining performance that scales with the size of the result
[info] set. You can keep index definitions in your project directory
[info] and publish them with firebase deploy.
[info] 
[debug] [2021-10-23T02:56:41.971Z] >>> HTTP REQUEST GET https://firestore.googleapis.com/v1/projects/crud-react-125b9/databases/(default)/collectionGroups/-/indexes  
 
[debug] [2021-10-23T02:56:41.974Z] >>> HTTP REQUEST GET https://firestore.googleapis.com/v1/projects/crud-react-125b9/databases/(default)/collectionGroups/-/fields?filter=indexConfig.usesAncestorConfig=false  
 
[debug] [2021-10-23T02:56:42.699Z] <<< HTTP RESPONSE 200 {"content-type":"application/json; charset=UTF-8","vary":"X-Origin, Referer, Origin,Accept-Encoding","date":"Sat, 23 Oct 2021 02:56:42 GMT","server":"ESF","cache-control":"private","x-xss-protection":"0","x-frame-options":"SAMEORIGIN","x-content-type-options":"nosniff","alt-svc":"h3=\":443\"; ma=2592000,h3-29=\":443\"; ma=2592000,h3-Q050=\":443\"; ma=2592000,h3-Q046=\":443\"; ma=2592000,h3-Q043=\":443\"; ma=2592000","accept-ranges":"none","transfer-encoding":"chunked"}
[debug] [2021-10-23T02:56:43.310Z] <<< HTTP RESPONSE 200 {"content-type":"application/json; charset=UTF-8","vary":"X-Origin, Referer, Origin,Accept-Encoding","date":"Sat, 23 Oct 2021 02:56:43 GMT","server":"ESF","cache-control":"private","x-xss-protection":"0","x-frame-options":"SAMEORIGIN","x-content-type-options":"nosniff","alt-svc":"h3=\":443\"; ma=2592000,h3-29=\":443\"; ma=2592000,h3-Q050=\":443\"; ma=2592000,h3-Q046=\":443\"; ma=2592000,h3-Q043=\":443\"; ma=2592000","accept-ranges":"none","transfer-encoding":"chunked"}
[info] 
=== Hosting Setup
[info] 
[info] Your public directory is the folder (relative to your project directory) that
[info] will contain Hosting assets to be uploaded with firebase deploy. If you
[info] have a build process for your assets, use your build's output directory.
[info] 
[debug] [2021-10-23T02:57:00.895Z] >>> [apiv2][query] GET https://www.gstatic.com/firebasejs/releases.json [none]
[debug] [2021-10-23T02:57:01.266Z] <<< [apiv2][status] GET https://www.gstatic.com/firebasejs/releases.json 200
[debug] [2021-10-23T02:57:01.267Z] <<< [apiv2][body] GET https://www.gstatic.com/firebasejs/releases.json {"current":{"version":"9.1.3","browserURL":"https://www.gstatic.com/firebasejs/9.1.3/firebase.js","packageURL":"https://www.gstatic.com/firebasejs/9.1.3/firebase.tgz"},"live":{"version":"9.1","browserURL":"https://www.gstatic.com/firebasejs/live/9.1/firebase.js","packageURL":"https://www.gstatic.com/firebasejs/live/9.1/firebase.tgz"},"components":{"analytics":"https://www.gstatic.com/firebasejs/9.1.3/firebase-analytics.js","app":"https://www.gstatic.com/firebasejs/9.1.3/firebase-app.js","app-check":"https://www.gstatic.com/firebasejs/9.1.3/firebase-app-check.js","auth":"https://www.gstatic.com/firebasejs/9.1.3/firebase-auth.js","auth/cordova":"https://www.gstatic.com/firebasejs/9.1.3/firebase-auth/cordova.js","auth/react-native":"https://www.gstatic.com/firebasejs/9.1.3/firebase-auth/react-native.js","functions":"https://www.gstatic.com/firebasejs/9.1.3/firebase-functions.js","firestore":"https://www.gstatic.com/firebasejs/9.1.3/firebase-firestore.js","firestore/lite":"https://www.gstatic.com/firebasejs/9.1.3/firebase-firestore/lite.js","storage":"https://www.gstatic.com/firebasejs/9.1.3/firebase-storage.js","performance":"https://www.gstatic.com/firebasejs/9.1.3/firebase-performance.js","remote-config":"https://www.gstatic.com/firebasejs/9.1.3/firebase-remote-config.js","messaging":"https://www.gstatic.com/firebasejs/9.1.3/firebase-messaging.js","messaging/sw":"https://www.gstatic.com/firebasejs/9.1.3/firebase-messaging/sw.js","database":"https://www.gstatic.com/firebasejs/9.1.3/firebase-database.js","firestore.memory":"https://www.gstatic.com/firebasejs/9.1.3/firebase-firestore.memory.js"}}
[info] i  Skipping write of build/index.html 
[info] 
[info] i  Detected a .git folder at /home/local/Escritorio/crud_FireBase/crud_firebase 
[info] i  Authorizing with GitHub to upload your service account to a GitHub repository's secrets store. 
[info] 
[info] Visit this URL on this device to log in:
[info] https://github.com/login/oauth/authorize?client_id=89cf50f02ac6aaed3484&state=33487666&redirect_uri=http%3A%2F%2Flocalhost%3A9005&scope=read%3Auser%20repo%20public_repo
[info] 
[info] Waiting for authentication...
[debug] [2021-10-23T02:58:43.406Z] >>> HTTP REQUEST POST https://github.com/login/oauth/access_token  
 {"client_id":"89cf50f02ac6aaed3484","client_secret":"3330d14abc895d9a74d5f17cd7a00711fa2c5bf0","code":"c4bf749da48abab17975","redirect_uri":"http://localhost:9005","state":"33487666"}
[debug] [2021-10-23T02:58:43.809Z] <<< HTTP RESPONSE 200 {"server":"GitHub.com","date":"Sat, 23 Oct 2021 02:58:43 GMT","content-type":"application/json; charset=utf-8","transfer-encoding":"chunked","vary":"X-PJAX, X-PJAX-Container, Accept-Encoding, Accept, X-Requested-With","permissions-policy":"interest-cohort=()","etag":"W/\"08932b58703306f7eb72fdd7181ad882\"","cache-control":"max-age=0, private, must-revalidate","strict-transport-security":"max-age=31536000; includeSubdomains; preload","x-frame-options":"deny","x-content-type-options":"nosniff","x-xss-protection":"0","referrer-policy":"origin-when-cross-origin, strict-origin-when-cross-origin","expect-ct":"max-age=2592000, report-uri=\"https://api.github.com/_private/browser/errors\"","content-security-policy":"default-src 'none'; base-uri 'self'; block-all-mixed-content; child-src github.com/assets-cdn/worker/ gist.github.com/assets-cdn/worker/; connect-src 'self' uploads.github.com objects-origin.githubusercontent.com www.githubstatus.com collector.githubapp.com api.github.com github-cloud.s3.amazonaws.com github-production-repository-file-5c1aeb.s3.amazonaws.com github-production-upload-manifest-file-7fdce7.s3.amazonaws.com github-production-user-asset-6210df.s3.amazonaws.com cdn.optimizely.com logx.optimizely.com/v1/events translator.github.com wss://alive.github.com; font-src github.githubassets.com; form-action 'self' github.com gist.github.com objects-origin.githubusercontent.com; frame-ancestors 'none'; frame-src render.githubusercontent.com viewscreen.githubusercontent.com notebooks.githubusercontent.com; img-src 'self' data: github.githubassets.com identicons.github.com collector.githubapp.com github-cloud.s3.amazonaws.com secured-user-images.githubusercontent.com/ *.githubusercontent.com; manifest-src 'self'; media-src github.com user-images.githubusercontent.com/; script-src github.githubassets.com; style-src 'unsafe-inline' github.githubassets.com; worker-src github.com/assets-cdn/worker/ gist.github.com/assets-cdn/worker/","x-github-request-id":"BF7B:7430:688F0C:78F220:61737A63"}
[debug] [2021-10-23T02:58:43.829Z] >>> [apiv2][query] GET https://api.github.com/user [none]
[debug] [2021-10-23T02:58:44.296Z] <<< [apiv2][status] GET https://api.github.com/user 200
[debug] [2021-10-23T02:58:44.298Z] <<< [apiv2][body] GET https://api.github.com/user {"login":"Horacio1414","id":56928826,"node_id":"MDQ6VXNlcjU2OTI4ODI2","avatar_url":"https://avatars.githubusercontent.com/u/56928826?v=4","gravatar_id":"","url":"https://api.github.com/users/Horacio1414","html_url":"https://github.com/Horacio1414","followers_url":"https://api.github.com/users/Horacio1414/followers","following_url":"https://api.github.com/users/Horacio1414/following{/other_user}","gists_url":"https://api.github.com/users/Horacio1414/gists{/gist_id}","starred_url":"https://api.github.com/users/Horacio1414/starred{/owner}{/repo}","subscriptions_url":"https://api.github.com/users/Horacio1414/subscriptions","organizations_url":"https://api.github.com/users/Horacio1414/orgs","repos_url":"https://api.github.com/users/Horacio1414/repos","events_url":"https://api.github.com/users/Horacio1414/events{/privacy}","received_events_url":"https://api.github.com/users/Horacio1414/received_events","type":"User","site_admin":false,"name":null,"company":null,"blog":"","location":null,"email":null,"hireable":null,"bio":null,"twitter_username":null,"public_repos":6,"public_gists":0,"followers":3,"following":1,"created_at":"2019-10-23T15:17:55Z","updated_at":"2021-08-12T00:49:30Z","private_gists":0,"total_private_repos":32,"owned_private_repos":0,"disk_usage":1166,"collaborators":0,"two_factor_authentication":false,"plan":{"name":"free","space":976562499,"collaborators":0,"private_repos":10000}}
[info] 
[info] ✔  Success! Logged into GitHub as Horacio1414 
[info] 
[debug] [2021-10-23T02:58:58.720Z] >>> [apiv2][query] GET https://api.github.com/repos/Crud/actions/secrets/public-key type=owner
[debug] [2021-10-23T02:58:59.134Z] <<< [apiv2][status] GET https://api.github.com/repos/Crud/actions/secrets/public-key 404
[debug] [2021-10-23T02:58:59.134Z] <<< [apiv2][body] GET https://api.github.com/repos/Crud/actions/secrets/public-key {"message":"Not Found","documentation_url":"https://docs.github.com/rest"}
[debug] [2021-10-23T02:59:01.254Z] >>> [apiv2][query] GET https://api.github.com/repos//actions/secrets/public-key type=owner
[debug] [2021-10-23T02:59:01.576Z] <<< [apiv2][status] GET https://api.github.com/repos//actions/secrets/public-key 404
[debug] [2021-10-23T02:59:01.577Z] <<< [apiv2][body] GET https://api.github.com/repos//actions/secrets/public-key {"message":"Not Found","documentation_url":"https://docs.github.com/rest"}
[debug] [2021-10-23T02:59:11.045Z] >>> [apiv2][query] GET https://api.github.com/repos/repository/actions/secrets/public-key type=owner
[debug] [2021-10-23T02:59:11.419Z] <<< [apiv2][status] GET https://api.github.com/repos/repository/actions/secrets/public-key 404
[debug] [2021-10-23T02:59:11.420Z] <<< [apiv2][body] GET https://api.github.com/repos/repository/actions/secrets/public-key {"message":"Not Found","documentation_url":"https://docs.github.com/rest"}
[debug] [2021-10-23T02:59:13.261Z] >>> [apiv2][query] GET https://api.github.com/repos//actions/secrets/public-key type=owner
[debug] [2021-10-23T02:59:13.669Z] <<< [apiv2][status] GET https://api.github.com/repos//actions/secrets/public-key 404
[debug] [2021-10-23T02:59:13.670Z] <<< [apiv2][body] GET https://api.github.com/repos//actions/secrets/public-key {"message":"Not Found","documentation_url":"https://docs.github.com/rest"}
[debug] [2021-10-23T02:59:18.427Z] >>> [apiv2][query] GET https://api.github.com/repos/u/actions/secrets/public-key type=owner
[debug] [2021-10-23T02:59:25.865Z] <<< [apiv2][status] GET https://api.github.com/repos/u/actions/secrets/public-key 404
[debug] [2021-10-23T02:59:25.866Z] <<< [apiv2][body] GET https://api.github.com/repos/u/actions/secrets/public-key {"message":"Not Found","documentation_url":"https://docs.github.com/rest"}
[debug] [2021-10-23T02:59:32.163Z] >>> [apiv2][query] GET https://api.github.com/repos/user/actions/secrets/public-key type=owner
[debug] [2021-10-23T02:59:32.508Z] <<< [apiv2][status] GET https://api.github.com/repos/user/actions/secrets/public-key 404
[debug] [2021-10-23T02:59:32.509Z] <<< [apiv2][body] GET https://api.github.com/repos/user/actions/secrets/public-key {"message":"Not Found","documentation_url":"https://docs.github.com/rest"}
[debug] [2021-10-23T02:59:39.458Z] >>> [apiv2][query] GET https://api.github.com/repos/repo/actions/secrets/public-key type=owner
[debug] [2021-10-23T02:59:40.085Z] <<< [apiv2][status] GET https://api.github.com/repos/repo/actions/secrets/public-key 404
[debug] [2021-10-23T02:59:40.085Z] <<< [apiv2][body] GET https://api.github.com/repos/repo/actions/secrets/public-key {"message":"Not Found","documentation_url":"https://docs.github.com/rest"}
[debug] [2021-10-23T02:59:41.671Z] >>> [apiv2][query] GET https://api.github.com/repos/r/actions/secrets/public-key type=owner
[debug] [2021-10-23T02:59:41.997Z] <<< [apiv2][status] GET https://api.github.com/repos/r/actions/secrets/public-key 404
[debug] [2021-10-23T02:59:41.998Z] <<< [apiv2][body] GET https://api.github.com/repos/r/actions/secrets/public-key {"message":"Not Found","documentation_url":"https://docs.github.com/rest"}
[debug] [2021-10-23T02:59:47.882Z] >>> [apiv2][query] GET https://api.github.com/repos/y/actions/secrets/public-key type=owner
[debug] [2021-10-23T02:59:48.277Z] <<< [apiv2][status] GET https://api.github.com/repos/y/actions/secrets/public-key 404
[debug] [2021-10-23T02:59:48.278Z] <<< [apiv2][body] GET https://api.github.com/repos/y/actions/secrets/public-key {"message":"Not Found","documentation_url":"https://docs.github.com/rest"}
[debug] [2021-10-23T02:59:49.729Z] >>> [apiv2][query] GET https://api.github.com/repos/n/actions/secrets/public-key type=owner
[debug] [2021-10-23T02:59:50.121Z] <<< [apiv2][status] GET https://api.github.com/repos/n/actions/secrets/public-key 404
[debug] [2021-10-23T02:59:50.121Z] <<< [apiv2][body] GET https://api.github.com/repos/n/actions/secrets/public-key {"message":"Not Found","documentation_url":"https://docs.github.com/rest"}
[debug] [2021-10-23T03:00:45.783Z] >>> [apiv2][query] GET https://api.github.com/repos/horacio1414/actions/secrets/public-key type=owner
[debug] [2021-10-23T03:00:46.237Z] <<< [apiv2][status] GET https://api.github.com/repos/horacio1414/actions/secrets/public-key 404
[debug] [2021-10-23T03:00:46.238Z] <<< [apiv2][body] GET https://api.github.com/repos/horacio1414/actions/secrets/public-key {"message":"Not Found","documentation_url":"https://docs.github.com/rest"}
[debug] [2021-10-23T03:00:52.834Z] >>> [apiv2][query] GET https://api.github.com/repos/horacio1414/crud/actions/secrets/public-key type=owner
[debug] [2021-10-23T03:00:53.199Z] <<< [apiv2][status] GET https://api.github.com/repos/horacio1414/crud/actions/secrets/public-key 404
[debug] [2021-10-23T03:00:53.200Z] <<< [apiv2][body] GET https://api.github.com/repos/horacio1414/crud/actions/secrets/public-key {"message":"Not Found","documentation_url":"https://docs.github.com/rest/reference/actions#get-a-repository-public-key"}
[debug] [2021-10-23T03:12:57.577Z] >>> [apiv2][query] GET https://api.github.com/repos/horacio1414/crud-react/actions/secrets/public-key type=owner
[debug] [2021-10-23T03:12:57.975Z] <<< [apiv2][status] GET https://api.github.com/repos/horacio1414/crud-react/actions/secrets/public-key 404
[debug] [2021-10-23T03:12:57.976Z] <<< [apiv2][body] GET https://api.github.com/repos/horacio1414/crud-react/actions/secrets/public-key {"message":"Not Found","documentation_url":"https://docs.github.com/rest/reference/actions#get-a-repository-public-key"}
[debug] [2021-10-23T03:13:12.422Z] >>> [apiv2][query] GET https://api.github.com/repos/horacio1414-crud-React/actions/secrets/public-key type=owner
[debug] [2021-10-23T03:13:12.821Z] <<< [apiv2][status] GET https://api.github.com/repos/horacio1414-crud-React/actions/secrets/public-key 404
[debug] [2021-10-23T03:13:12.821Z] <<< [apiv2][body] GET https://api.github.com/repos/horacio1414-crud-React/actions/secrets/public-key {"message":"Not Found","documentation_url":"https://docs.github.com/rest"}
